<?xml version="1.0" encoding="UTF-8"?>
<testsuite name="io.confluent.developer.KafkaProducerApplicationTest" tests="1" skipped="0" failures="0" errors="0" timestamp="2023-06-20T03:26:42" hostname="ubuntusvr" time="0.044">
  <properties/>
  <testcase name="testProduce" classname="io.confluent.developer.KafkaProducerApplicationTest" time="0.044"/>
  <system-out><![CDATA[]]></system-out>
  <system-err><![CDATA[]]></system-err>
</testsuite>
